<?xml version="1.0" encoding="UTF-8"?>
<!-- Generated by org.testng.reporters.JUnitReportReporter -->
<testsuite hostname="DESKTOP-BG5HOVG" failures="0" tests="1" name="com.wipro.shopping1.testcases.RegisterpageTest" time="30.446" errors="0" timestamp="2023-09-03T18:43:36 IST" skipped="0">
  <testcase classname="com.wipro.shopping1.testcases.RegisterpageTest" name="User_enter_details" time="30.446"/>
</testsuite> <!-- com.wipro.shopping1.testcases.RegisterpageTest -->
