<?xml version="1.0" encoding="UTF-8"?>
<!-- Generated by org.testng.reporters.JUnitReportReporter -->
<testsuite hostname="DESKTOP-BG5HOVG" failures="0" tests="4" name="com.wipro.shopping1.testcases.LoginpageTest" time="25.599" errors="0" timestamp="2023-09-01T11:46:33 IST" skipped="0">
  <testcase classname="com.wipro.shopping1.testcases.LoginpageTest" name="Login_with_Invalid_Credentials" time="5.331"/>
  <testcase classname="com.wipro.shopping1.testcases.LoginpageTest" name="Login_with_valid_credentials" time="5.730"/>
  <testcase classname="com.wipro.shopping1.testcases.LoginpageTest" name="Login_with_valid_credentials" time="8.491"/>
  <testcase classname="com.wipro.shopping1.testcases.LoginpageTest" name="Login_with_valid_credentials" time="6.047"/>
</testsuite> <!-- com.wipro.shopping1.testcases.LoginpageTest -->
