<?xml version="1.0" encoding="UTF-8"?>
<!-- Generated by org.testng.reporters.JUnitReportReporter -->
<testsuite hostname="sai" failures="0" tests="4" name="com.wipro.shopping1.testcases.LoginpageTest" time="47.204" errors="0" timestamp="2023-09-04T10:16:11 IST" skipped="0">
  <testcase classname="com.wipro.shopping1.testcases.LoginpageTest" name="Login_with_Invalid_Credentials" time="14.882"/>
  <testcase classname="com.wipro.shopping1.testcases.LoginpageTest" name="Login_with_valid_credentials" time="12.013"/>
  <testcase classname="com.wipro.shopping1.testcases.LoginpageTest" name="Login_with_valid_credentials" time="10.998"/>
  <testcase classname="com.wipro.shopping1.testcases.LoginpageTest" name="Login_with_valid_credentials" time="9.311"/>
</testsuite> <!-- com.wipro.shopping1.testcases.LoginpageTest -->
