<?xml version="1.0" encoding="UTF-8"?>
<!-- Generated by org.testng.reporters.JUnitReportReporter -->
<testsuite hostname="sai" failures="0" tests="1" name="com.wipro.shopping1.testcases.RegisterpageTest" time="10.589" errors="0" timestamp="2023-09-04T10:16:11 IST" skipped="0">
  <testcase classname="com.wipro.shopping1.testcases.RegisterpageTest" name="User_enter_details" time="10.589"/>
</testsuite> <!-- com.wipro.shopping1.testcases.RegisterpageTest -->
